<?xml version="1.0" encoding="UTF-8"?>
<testsuite xmlns:xsi="http://www.w3.org/2001/XMLSchema-instance" xsi:noNamespaceSchemaLocation="https://maven.apache.org/surefire/maven-surefire-plugin/xsd/surefire-test-report.xsd" name="InputValidationTest" time="0.048" tests="56" errors="0" skipped="0" failures="0">
  <properties>
[...]
</properties>
  <testcase name="testCannotConvertWordsToAmount" classname="InputValidationTest" time="0.001"/>
  <testcase name="testInvalidInputIsInvalidMenuOption" classname="InputValidationTest" time="0.001"/>
  <testcase name="testPositiveWholeNumberIsValidInteger" classname="InputValidationTest" time="0"/>
  <testcase name="testPositiveNumbersFallInPercentageRange" classname="InputValidationTest" time="0"/>
  <testcase name="testDecimalNumberInputCanConvertToDouble" classname="InputValidationTest" time="0"/>
  <testcase name="testInputContainsNoExtraSymbols" classname="InputValidationTest" time="0"/>
  <testcase name="testSpecialCharactersCannotConvertToDouble" classname="InputValidationTest" time="0"/>
  <testcase name="testTwentyTwoFallsInAgeRange" classname="InputValidationTest" time="0"/>
  <testcase name="testInputDoesNotHaveDollarSigns" classname="InputValidationTest" time="0"/>
  <testcase name="testOnlyTwoDecimalPlaces" classname="InputValidationTest" time="0"/>
  <testcase name="testDecimalsAreNotPositiveIntegers" classname="InputValidationTest" time="0.001"/>
  <testcase name="testWordsAreInvalidPercentage" classname="InputValidationTest" time="0"/>
  <testcase name="testInputContainsNoCommas" classname="InputValidationTest" time="0"/>
  <testcase name="testDecimalNumberIsInvalidInteger" classname="InputValidationTest" time="0"/>
  <testcase name="testValidOptionFallsInRange" classname="InputValidationTest" time="0"/>
  <testcase name="testZeroIsNotValidPrice" classname="InputValidationTest" time="0"/>
  <testcase name="testIntegerConvertsToInteger" classname="InputValidationTest" time="0"/>
  <testcase name="testNumOfPeopleIsPositiveInt" classname="InputValidationTest" time="0"/>
  <testcase name="testNegativeNumberInputCanConvertToDouble" classname="InputValidationTest" time="0"/>
  <testcase name="testInvalidOptionDoesNotFallInRange" classname="InputValidationTest" time="0"/>
  <testcase name="testWholeNumberInputCanConvertToDouble" classname="InputValidationTest" time="0"/>
  <testcase name="testStringsAreInvalidIntegers" classname="InputValidationTest" time="0"/>
  <testcase name="testStringFailsToConvertToInteger" classname="InputValidationTest" time="0.001"/>
  <testcase name="testInputContainsAllExtraSymbols" classname="InputValidationTest" time="0"/>
  <testcase name="testNegativesAreNotPositiveIntegers" classname="InputValidationTest" time="0"/>
  <testcase name="testPriceIsNotAWord" classname="InputValidationTest" time="0"/>
  <testcase name="testNinetyNineDoesNotFallInAgeRange" classname="InputValidationTest" time="0.004"/>
  <testcase name="testValidNumberIsValidAge" classname="InputValidationTest" time="0"/>
  <testcase name="testThreeDecimalsAreNotTwo" classname="InputValidationTest" time="0"/>
  <testcase name="testNegativeValuesAreInvalid" classname="InputValidationTest" time="0.001"/>
  <testcase name="testWordsCannotConvertToDouble" classname="InputValidationTest" time="0.001"/>
  <testcase name="testWordsAreInvalidAmount" classname="InputValidationTest" time="0"/>
  <testcase name="testNumOfPeopleNotZero" classname="InputValidationTest" time="0.001"/>
  <testcase name="testNegativeAndLargeNumbersDoNotFallInPercentageRange" classname="InputValidationTest" time="0.001"/>
  <testcase name="testExtraCharactersAreInvalidAmount" classname="InputValidationTest" time="0.006"/>
  <testcase name="testInputContainsNoDollarSigns" classname="InputValidationTest" time="0"/>
  <testcase name="testValidNumberIsValidMenuOption" classname="InputValidationTest" time="0"/>
  <testcase name="testSimpleInputIsValidPercentage" classname="InputValidationTest" time="0"/>
  <testcase name="testCanConvertSalaryAndRoundToAmount" classname="InputValidationTest" time="0"/>
  <testcase name="testInputContainsOneComma" classname="InputValidationTest" time="0.004"/>
  <testcase name="testInputContainsMultipleDecimals" classname="InputValidationTest" time="0.001"/>
  <testcase name="testInputContainsOneDecimal" classname="InputValidationTest" time="0"/>
  <testcase name="testOneDecimalIsNotTwo" classname="InputValidationTest" time="0.001"/>
  <testcase name="testOnlyNumbersAndOnePeriod" classname="InputValidationTest" time="0"/>
  <testcase name="testInputContainsMultipleCommas" classname="InputValidationTest" time="0.009"/>
  <testcase name="testInputContainsNoDecimals" classname="InputValidationTest" time="0"/>
  <testcase name="testInputContainsMultipleDollarSigns" classname="InputValidationTest" time="0.001"/>
  <testcase name="testTwentyOneDoesNotFallInAgeRange" classname="InputValidationTest" time="0.004"/>
  <testcase name="testZeroIsValidAge" classname="InputValidationTest" time="0.001"/>
  <testcase name="testDecimalsDoNotHaveWords" classname="InputValidationTest" time="0.001"/>
  <testcase name="testValidSalaryIsValidAmount" classname="InputValidationTest" time="0"/>
  <testcase name="testNotZero" classname="InputValidationTest" time="0"/>
  <testcase name="testWordIsInvalidAge" classname="InputValidationTest" time="0"/>
  <testcase name="testInputContainsDollarSign" classname="InputValidationTest" time="0.001"/>
  <testcase name="testWordsAreNotPositiveIntegers" classname="InputValidationTest" time="0"/>
  <testcase name="testNinetyEightFallsInAgeRange" classname="InputValidationTest" time="0"/>
</testsuite>