<?xml version="1.0" encoding="UTF-8"?>
<testsuite xmlns:xsi="http://www.w3.org/2001/XMLSchema-instance" xsi:noNamespaceSchemaLocation="https://maven.apache.org/surefire/maven-surefire-plugin/xsd/surefire-test-report.xsd" name="ShortestDistanceTest" time="0.003" tests="30" errors="0" skipped="0" failures="0">
  <properties>
[...]
</properties>
  <testcase name="testDistanceCalculationWithSixDigitDecimalNumbers" classname="ShortestDistanceTest" time="0"/>
  <testcase name="testSetCoordinate" classname="ShortestDistanceTest" time="0"/>
  <testcase name="testSubtractionWithSixDigitDecimalNumbers" classname="ShortestDistanceTest" time="0"/>
  <testcase name="testIsInvalidInput" classname="ShortestDistanceTest" time="0.001"/>
  <testcase name="testDistanceCalculationWithWholePositiveNumbers" classname="ShortestDistanceTest" time="0"/>
  <testcase name="testPrintingCalculationResults" classname="ShortestDistanceTest" time="0"/>
  <testcase name="testRoundWithNegativeNumber" classname="ShortestDistanceTest" time="0"/>
  <testcase name="testRoundWithPositiveNumber" classname="ShortestDistanceTest" time="0"/>
  <testcase name="testAdditionWithSixDigitDecimalNumbers" classname="ShortestDistanceTest" time="0"/>
  <testcase name="testDistanceCalculationWithMixedNumbers" classname="ShortestDistanceTest" time="0"/>
  <testcase name="testSquareWithSixDigitDecimalNumber" classname="ShortestDistanceTest" time="0"/>
  <testcase name="testDistanceCalculationWithDecimalNumbers" classname="ShortestDistanceTest" time="0"/>
  <testcase name="testSquareWithDecimalNumber" classname="ShortestDistanceTest" time="0"/>
  <testcase name="testSquareWithNegativeNumber" classname="ShortestDistanceTest" time="0"/>
  <testcase name="testRoundWithDecimalNumber" classname="ShortestDistanceTest" time="0"/>
  <testcase name="testAdditionWithOppositeSignedNumbers" classname="ShortestDistanceTest" time="0"/>
  <testcase name="testSubtractionWithDecimalNumbers" classname="ShortestDistanceTest" time="0"/>
  <testcase name="testSubtractionWithPositiveNumbers" classname="ShortestDistanceTest" time="0"/>
  <testcase name="testAdditionWithDecimalNumbers" classname="ShortestDistanceTest" time="0"/>
  <testcase name="testValidInputReturnsCoordinate" classname="ShortestDistanceTest" time="0.001"/>
  <testcase name="testRoundWithSixDigitDecimalNumber" classname="ShortestDistanceTest" time="0"/>
  <testcase name="testSetDistance" classname="ShortestDistanceTest" time="0"/>
  <testcase name="testSquareWithPositiveNumber" classname="ShortestDistanceTest" time="0"/>
  <testcase name="testSubtractionWithNegativeNumbers" classname="ShortestDistanceTest" time="0"/>
  <testcase name="testGetDistance" classname="ShortestDistanceTest" time="0"/>
  <testcase name="testAdditionWithPositiveNumbers" classname="ShortestDistanceTest" time="0"/>
  <testcase name="testSubtractionWithOppositeSignedNumbers" classname="ShortestDistanceTest" time="0"/>
  <testcase name="testGetCoordinate" classname="ShortestDistanceTest" time="0"/>
  <testcase name="testAdditionWithNegativeNumbers" classname="ShortestDistanceTest" time="0"/>
  <testcase name="testInvalidInputLoopsUntilValid" classname="ShortestDistanceTest" time="0.001"/>
</testsuite>